Grammar

    0 $accept: S $end

    1 S: 'm' 'i' 'n' '(' S ',' S ')'
    2  | object


Terminals, with rules where they appear

$end (0) 0
'(' (40) 1
')' (41) 1
',' (44) 1
'i' (105) 1
'm' (109) 1
'n' (110) 1
error (256)
object (258) 2


Nonterminals, with rules where they appear

$accept (10)
    on left: 0
S (11)
    on left: 1 2, on right: 0 1


State 0

    0 $accept: . S $end

    object  shift, and go to state 1
    'm'     shift, and go to state 2

    S  go to state 3


State 1

    2 S: object .

    $default  reduce using rule 2 (S)


State 2

    1 S: 'm' . 'i' 'n' '(' S ',' S ')'

    'i'  shift, and go to state 4


State 3

    0 $accept: S . $end

    $end  shift, and go to state 5


State 4

    1 S: 'm' 'i' . 'n' '(' S ',' S ')'

    'n'  shift, and go to state 6


State 5

    0 $accept: S $end .

    $default  accept


State 6

    1 S: 'm' 'i' 'n' . '(' S ',' S ')'

    '('  shift, and go to state 7


State 7

    1 S: 'm' 'i' 'n' '(' . S ',' S ')'

    object  shift, and go to state 1
    'm'     shift, and go to state 2

    S  go to state 8


State 8

    1 S: 'm' 'i' 'n' '(' S . ',' S ')'

    ','  shift, and go to state 9


State 9

    1 S: 'm' 'i' 'n' '(' S ',' . S ')'

    object  shift, and go to state 1
    'm'     shift, and go to state 2

    S  go to state 10


State 10

    1 S: 'm' 'i' 'n' '(' S ',' S . ')'

    ')'  shift, and go to state 11


State 11

    1 S: 'm' 'i' 'n' '(' S ',' S ')' .

    $default  reduce using rule 1 (S)
